2026/03/12 16:30:19 Data loaded successfully
[GIN-debug] [WARNING] Creating an Engine instance with the Logger and Recovery middleware already attached.

[GIN-debug] [WARNING] Running in "debug" mode. Switch to "release" mode in production.
 - using env:	export GIN_MODE=release
 - using code:	gin.SetMode(gin.ReleaseMode)

[GIN-debug] GET    /api/health               --> ai-model-papers-backend/routers.SetupRoutes.WrapF.func1 (4 handlers)
[GIN-debug] GET    /api/models               --> ai-model-papers-backend/routers.SetupRoutes.WrapF.func2 (4 handlers)
[GIN-debug] GET    /api/models/providers     --> ai-model-papers-backend/routers.SetupRoutes.WrapF.func3 (4 handlers)
[GIN-debug] POST   /api/models/compare       --> ai-model-papers-backend/routers.SetupRoutes.WrapF.func4 (4 handlers)
[GIN-debug] GET    /api/models/meta/comparison-categories --> ai-model-papers-backend/routers.SetupRoutes.WrapF.func5 (4 handlers)
[GIN-debug] GET    /api/models/detail/:id    --> ai-model-papers-backend/routers.SetupRoutes.WrapF.func6 (4 handlers)
[GIN-debug] GET    /api/papers               --> ai-model-papers-backend/routers.SetupRoutes.WrapF.func7 (4 handlers)
[GIN-debug] GET    /api/papers/categories    --> ai-model-papers-backend/routers.SetupRoutes.WrapF.func8 (4 handlers)
[GIN-debug] GET    /api/papers/featured/latest --> ai-model-papers-backend/routers.SetupRoutes.WrapF.func9 (4 handlers)
[GIN-debug] GET    /api/papers/detail/:id    --> ai-model-papers-backend/routers.SetupRoutes.WrapF.func10 (4 handlers)
2026/03/12 16:30:19 Server running on port :3000
[GIN-debug] [WARNING] You trusted all proxies, this is NOT safe. We recommend you to set a value.
Please check https://pkg.go.dev/github.com/gin-gonic/gin#readme-don-t-trust-all-proxies for details.
[GIN-debug] Listening and serving HTTP on :3000
[GIN] 2026/03/12 - 16:30:22 | 200 |      30.689µs |       127.0.0.1 | GET      "/api/health"
[GIN] 2026/03/12 - 16:30:22 | 200 |     168.263µs |       127.0.0.1 | GET      "/api/models"
[GIN] 2026/03/12 - 16:30:26 | 200 |     139.607µs |       127.0.0.1 | POST     "/api/models/compare"
[GIN] 2026/03/12 - 16:30:26 | 200 |     109.467µs |       127.0.0.1 | GET      "/api/papers?limit=2"
